CRITICAL - 2022-11-02 09:58:01 --> Undefined offset: 2
#0 C:\wamp64\www\saac-api\app\Controllers\Measurement.php(50): CodeIgniter\Debug\Exceptions->errorHandler(8, 'Undefined offse...', 'C:\\wamp64\\www\\s...', 50, Array)
#1 C:\wamp64\www\saac-api\system\CodeIgniter.php(832): App\Controllers\Measurement->create2()
#2 C:\wamp64\www\saac-api\system\CodeIgniter.php(419): CodeIgniter\CodeIgniter->runController(Object(App\Controllers\Measurement))
#3 C:\wamp64\www\saac-api\system\CodeIgniter.php(326): CodeIgniter\CodeIgniter->handleRequest(NULL, Object(Config\Cache), false)
#4 C:\wamp64\www\saac-api\public\index.php(39): CodeIgniter\CodeIgniter->run()
#5 {main}
CRITICAL - 2022-11-02 09:58:07 --> Undefined offset: 2
#0 C:\wamp64\www\saac-api\app\Controllers\Measurement.php(50): CodeIgniter\Debug\Exceptions->errorHandler(8, 'Undefined offse...', 'C:\\wamp64\\www\\s...', 50, Array)
#1 C:\wamp64\www\saac-api\system\CodeIgniter.php(832): App\Controllers\Measurement->create2()
#2 C:\wamp64\www\saac-api\system\CodeIgniter.php(419): CodeIgniter\CodeIgniter->runController(Object(App\Controllers\Measurement))
#3 C:\wamp64\www\saac-api\system\CodeIgniter.php(326): CodeIgniter\CodeIgniter->handleRequest(NULL, Object(Config\Cache), false)
#4 C:\wamp64\www\saac-api\public\index.php(39): CodeIgniter\CodeIgniter->run()
#5 {main}
CRITICAL - 2022-11-02 10:09:20 --> Unable to connect to the API: cURL error 7: Failed to connect to sai-ecaa-default-rtdb.firebaseio.com port 443: Timed out (see https://curl.haxx.se/libcurl/c/libcurl-errors.html) for https://sai-ecaa-default-rtdb.firebaseio.com/.json
#0 C:\wamp64\www\saac-api\vendor\kreait\firebase-php\src\Firebase\Database\ApiClient.php(194): Kreait\Firebase\Exception\DatabaseApiExceptionConverter->convertException(Object(GuzzleHttp\Exception\ConnectException))
#1 C:\wamp64\www\saac-api\vendor\kreait\firebase-php\src\Firebase\Database\ApiClient.php(86): Kreait\Firebase\Database\ApiClient->requestApi('PUT', Object(GuzzleHttp\Psr7\Uri), Array)
#2 C:\wamp64\www\saac-api\vendor\kreait\firebase-php\src\Firebase\Database\Reference.php(293): Kreait\Firebase\Database\ApiClient->set(Object(GuzzleHttp\Psr7\Uri), Array)
#3 C:\wamp64\www\saac-api\app\Helpers\firebase_helper.php(8): Kreait\Firebase\Database\Reference->set(Array)
#4 C:\wamp64\www\saac-api\app\Controllers\Measurement.php(65): setData('', Array)
#5 C:\wamp64\www\saac-api\system\CodeIgniter.php(832): App\Controllers\Measurement->create2()
#6 C:\wamp64\www\saac-api\system\CodeIgniter.php(419): CodeIgniter\CodeIgniter->runController(Object(App\Controllers\Measurement))
#7 C:\wamp64\www\saac-api\system\CodeIgniter.php(326): CodeIgniter\CodeIgniter->handleRequest(NULL, Object(Config\Cache), false)
#8 C:\wamp64\www\saac-api\public\index.php(39): CodeIgniter\CodeIgniter->run()
#9 {main}
CRITICAL - 2022-11-02 10:12:22 --> Undefined offset: 2
#0 C:\wamp64\www\saac-api\app\Controllers\Measurement.php(50): CodeIgniter\Debug\Exceptions->errorHandler(8, 'Undefined offse...', 'C:\\wamp64\\www\\s...', 50, Array)
#1 C:\wamp64\www\saac-api\system\CodeIgniter.php(832): App\Controllers\Measurement->create2()
#2 C:\wamp64\www\saac-api\system\CodeIgniter.php(419): CodeIgniter\CodeIgniter->runController(Object(App\Controllers\Measurement))
#3 C:\wamp64\www\saac-api\system\CodeIgniter.php(326): CodeIgniter\CodeIgniter->handleRequest(NULL, Object(Config\Cache), false)
#4 C:\wamp64\www\saac-api\public\index.php(39): CodeIgniter\CodeIgniter->run()
#5 {main}
CRITICAL - 2022-11-02 10:19:44 --> Undefined offset: 2
#0 C:\wamp64\www\saac-api\app\Controllers\Measurement.php(50): CodeIgniter\Debug\Exceptions->errorHandler(8, 'Undefined offse...', 'C:\\wamp64\\www\\s...', 50, Array)
#1 C:\wamp64\www\saac-api\system\CodeIgniter.php(832): App\Controllers\Measurement->create2()
#2 C:\wamp64\www\saac-api\system\CodeIgniter.php(419): CodeIgniter\CodeIgniter->runController(Object(App\Controllers\Measurement))
#3 C:\wamp64\www\saac-api\system\CodeIgniter.php(326): CodeIgniter\CodeIgniter->handleRequest(NULL, Object(Config\Cache), false)
#4 C:\wamp64\www\saac-api\public\index.php(39): CodeIgniter\CodeIgniter->run()
#5 {main}
CRITICAL - 2022-11-02 10:51:58 --> Undefined offset: 2
#0 C:\wamp64\www\saac-api\app\Controllers\Measurement.php(50): CodeIgniter\Debug\Exceptions->errorHandler(8, 'Undefined offse...', 'C:\\wamp64\\www\\s...', 50, Array)
#1 C:\wamp64\www\saac-api\system\CodeIgniter.php(832): App\Controllers\Measurement->create2()
#2 C:\wamp64\www\saac-api\system\CodeIgniter.php(419): CodeIgniter\CodeIgniter->runController(Object(App\Controllers\Measurement))
#3 C:\wamp64\www\saac-api\system\CodeIgniter.php(326): CodeIgniter\CodeIgniter->handleRequest(NULL, Object(Config\Cache), false)
#4 C:\wamp64\www\saac-api\public\index.php(39): CodeIgniter\CodeIgniter->run()
#5 {main}
CRITICAL - 2022-11-02 11:31:41 --> Undefined offset: 2
#0 C:\wamp64\www\saac-api\app\Controllers\Measurement.php(50): CodeIgniter\Debug\Exceptions->errorHandler(8, 'Undefined offse...', 'C:\\wamp64\\www\\s...', 50, Array)
#1 C:\wamp64\www\saac-api\system\CodeIgniter.php(832): App\Controllers\Measurement->create2()
#2 C:\wamp64\www\saac-api\system\CodeIgniter.php(419): CodeIgniter\CodeIgniter->runController(Object(App\Controllers\Measurement))
#3 C:\wamp64\www\saac-api\system\CodeIgniter.php(326): CodeIgniter\CodeIgniter->handleRequest(NULL, Object(Config\Cache), false)
#4 C:\wamp64\www\saac-api\public\index.php(39): CodeIgniter\CodeIgniter->run()
#5 {main}
CRITICAL - 2022-11-02 11:46:17 --> Undefined offset: 2
#0 C:\wamp64\www\saac-api\app\Controllers\Measurement.php(50): CodeIgniter\Debug\Exceptions->errorHandler(8, 'Undefined offse...', 'C:\\wamp64\\www\\s...', 50, Array)
#1 C:\wamp64\www\saac-api\system\CodeIgniter.php(832): App\Controllers\Measurement->create2()
#2 C:\wamp64\www\saac-api\system\CodeIgniter.php(419): CodeIgniter\CodeIgniter->runController(Object(App\Controllers\Measurement))
#3 C:\wamp64\www\saac-api\system\CodeIgniter.php(326): CodeIgniter\CodeIgniter->handleRequest(NULL, Object(Config\Cache), false)
#4 C:\wamp64\www\saac-api\public\index.php(39): CodeIgniter\CodeIgniter->run()
#5 {main}
CRITICAL - 2022-11-02 12:02:22 --> Undefined offset: 2
#0 C:\wamp64\www\saac-api\app\Controllers\Measurement.php(50): CodeIgniter\Debug\Exceptions->errorHandler(8, 'Undefined offse...', 'C:\\wamp64\\www\\s...', 50, Array)
#1 C:\wamp64\www\saac-api\system\CodeIgniter.php(832): App\Controllers\Measurement->create2()
#2 C:\wamp64\www\saac-api\system\CodeIgniter.php(419): CodeIgniter\CodeIgniter->runController(Object(App\Controllers\Measurement))
#3 C:\wamp64\www\saac-api\system\CodeIgniter.php(326): CodeIgniter\CodeIgniter->handleRequest(NULL, Object(Config\Cache), false)
#4 C:\wamp64\www\saac-api\public\index.php(39): CodeIgniter\CodeIgniter->run()
#5 {main}
CRITICAL - 2022-11-02 12:02:28 --> Undefined offset: 2
#0 C:\wamp64\www\saac-api\app\Controllers\Measurement.php(50): CodeIgniter\Debug\Exceptions->errorHandler(8, 'Undefined offse...', 'C:\\wamp64\\www\\s...', 50, Array)
#1 C:\wamp64\www\saac-api\system\CodeIgniter.php(832): App\Controllers\Measurement->create2()
#2 C:\wamp64\www\saac-api\system\CodeIgniter.php(419): CodeIgniter\CodeIgniter->runController(Object(App\Controllers\Measurement))
#3 C:\wamp64\www\saac-api\system\CodeIgniter.php(326): CodeIgniter\CodeIgniter->handleRequest(NULL, Object(Config\Cache), false)
#4 C:\wamp64\www\saac-api\public\index.php(39): CodeIgniter\CodeIgniter->run()
#5 {main}
CRITICAL - 2022-11-02 12:02:30 --> Unable to connect to the API: cURL error 7: Failed to connect to sai-ecaa-default-rtdb.firebaseio.com port 443: Timed out (see https://curl.haxx.se/libcurl/c/libcurl-errors.html) for https://sai-ecaa-default-rtdb.firebaseio.com/.json
#0 C:\wamp64\www\saac-api\vendor\kreait\firebase-php\src\Firebase\Database\ApiClient.php(194): Kreait\Firebase\Exception\DatabaseApiExceptionConverter->convertException(Object(GuzzleHttp\Exception\ConnectException))
#1 C:\wamp64\www\saac-api\vendor\kreait\firebase-php\src\Firebase\Database\ApiClient.php(86): Kreait\Firebase\Database\ApiClient->requestApi('PUT', Object(GuzzleHttp\Psr7\Uri), Array)
#2 C:\wamp64\www\saac-api\vendor\kreait\firebase-php\src\Firebase\Database\Reference.php(293): Kreait\Firebase\Database\ApiClient->set(Object(GuzzleHttp\Psr7\Uri), Array)
#3 C:\wamp64\www\saac-api\app\Helpers\firebase_helper.php(8): Kreait\Firebase\Database\Reference->set(Array)
#4 C:\wamp64\www\saac-api\app\Controllers\Measurement.php(65): setData('', Array)
#5 C:\wamp64\www\saac-api\system\CodeIgniter.php(832): App\Controllers\Measurement->create2()
#6 C:\wamp64\www\saac-api\system\CodeIgniter.php(419): CodeIgniter\CodeIgniter->runController(Object(App\Controllers\Measurement))
#7 C:\wamp64\www\saac-api\system\CodeIgniter.php(326): CodeIgniter\CodeIgniter->handleRequest(NULL, Object(Config\Cache), false)
#8 C:\wamp64\www\saac-api\public\index.php(39): CodeIgniter\CodeIgniter->run()
#9 {main}
CRITICAL - 2022-11-02 12:32:34 --> Unable to connect to the API: cURL error 7: Failed to connect to sai-ecaa-default-rtdb.firebaseio.com port 443: Timed out (see https://curl.haxx.se/libcurl/c/libcurl-errors.html) for https://sai-ecaa-default-rtdb.firebaseio.com/.json
#0 C:\wamp64\www\saac-api\vendor\kreait\firebase-php\src\Firebase\Database\ApiClient.php(194): Kreait\Firebase\Exception\DatabaseApiExceptionConverter->convertException(Object(GuzzleHttp\Exception\ConnectException))
#1 C:\wamp64\www\saac-api\vendor\kreait\firebase-php\src\Firebase\Database\ApiClient.php(86): Kreait\Firebase\Database\ApiClient->requestApi('PUT', Object(GuzzleHttp\Psr7\Uri), Array)
#2 C:\wamp64\www\saac-api\vendor\kreait\firebase-php\src\Firebase\Database\Reference.php(293): Kreait\Firebase\Database\ApiClient->set(Object(GuzzleHttp\Psr7\Uri), Array)
#3 C:\wamp64\www\saac-api\app\Helpers\firebase_helper.php(8): Kreait\Firebase\Database\Reference->set(Array)
#4 C:\wamp64\www\saac-api\app\Controllers\Measurement.php(65): setData('', Array)
#5 C:\wamp64\www\saac-api\system\CodeIgniter.php(832): App\Controllers\Measurement->create2()
#6 C:\wamp64\www\saac-api\system\CodeIgniter.php(419): CodeIgniter\CodeIgniter->runController(Object(App\Controllers\Measurement))
#7 C:\wamp64\www\saac-api\system\CodeIgniter.php(326): CodeIgniter\CodeIgniter->handleRequest(NULL, Object(Config\Cache), false)
#8 C:\wamp64\www\saac-api\public\index.php(39): CodeIgniter\CodeIgniter->run()
#9 {main}
CRITICAL - 2022-11-02 12:42:23 --> Undefined offset: 1
#0 C:\wamp64\www\saac-api\app\Controllers\Measurement.php(49): CodeIgniter\Debug\Exceptions->errorHandler(8, 'Undefined offse...', 'C:\\wamp64\\www\\s...', 49, Array)
#1 C:\wamp64\www\saac-api\system\CodeIgniter.php(832): App\Controllers\Measurement->create2()
#2 C:\wamp64\www\saac-api\system\CodeIgniter.php(419): CodeIgniter\CodeIgniter->runController(Object(App\Controllers\Measurement))
#3 C:\wamp64\www\saac-api\system\CodeIgniter.php(326): CodeIgniter\CodeIgniter->handleRequest(NULL, Object(Config\Cache), false)
#4 C:\wamp64\www\saac-api\public\index.php(39): CodeIgniter\CodeIgniter->run()
#5 {main}
CRITICAL - 2022-11-02 12:52:24 --> Undefined offset: 1
#0 C:\wamp64\www\saac-api\app\Controllers\Measurement.php(49): CodeIgniter\Debug\Exceptions->errorHandler(8, 'Undefined offse...', 'C:\\wamp64\\www\\s...', 49, Array)
#1 C:\wamp64\www\saac-api\system\CodeIgniter.php(832): App\Controllers\Measurement->create2()
#2 C:\wamp64\www\saac-api\system\CodeIgniter.php(419): CodeIgniter\CodeIgniter->runController(Object(App\Controllers\Measurement))
#3 C:\wamp64\www\saac-api\system\CodeIgniter.php(326): CodeIgniter\CodeIgniter->handleRequest(NULL, Object(Config\Cache), false)
#4 C:\wamp64\www\saac-api\public\index.php(39): CodeIgniter\CodeIgniter->run()
#5 {main}
CRITICAL - 2022-11-02 12:52:56 --> Undefined offset: 1
#0 C:\wamp64\www\saac-api\app\Controllers\Measurement.php(49): CodeIgniter\Debug\Exceptions->errorHandler(8, 'Undefined offse...', 'C:\\wamp64\\www\\s...', 49, Array)
#1 C:\wamp64\www\saac-api\system\CodeIgniter.php(832): App\Controllers\Measurement->create2()
#2 C:\wamp64\www\saac-api\system\CodeIgniter.php(419): CodeIgniter\CodeIgniter->runController(Object(App\Controllers\Measurement))
#3 C:\wamp64\www\saac-api\system\CodeIgniter.php(326): CodeIgniter\CodeIgniter->handleRequest(NULL, Object(Config\Cache), false)
#4 C:\wamp64\www\saac-api\public\index.php(39): CodeIgniter\CodeIgniter->run()
#5 {main}
CRITICAL - 2022-11-02 12:53:26 --> Unable to connect to the API: cURL error 7: Failed to connect to sai-ecaa-default-rtdb.firebaseio.com port 443: Timed out (see https://curl.haxx.se/libcurl/c/libcurl-errors.html) for https://sai-ecaa-default-rtdb.firebaseio.com/.json
#0 C:\wamp64\www\saac-api\vendor\kreait\firebase-php\src\Firebase\Database\ApiClient.php(194): Kreait\Firebase\Exception\DatabaseApiExceptionConverter->convertException(Object(GuzzleHttp\Exception\ConnectException))
#1 C:\wamp64\www\saac-api\vendor\kreait\firebase-php\src\Firebase\Database\ApiClient.php(86): Kreait\Firebase\Database\ApiClient->requestApi('PUT', Object(GuzzleHttp\Psr7\Uri), Array)
#2 C:\wamp64\www\saac-api\vendor\kreait\firebase-php\src\Firebase\Database\Reference.php(293): Kreait\Firebase\Database\ApiClient->set(Object(GuzzleHttp\Psr7\Uri), Array)
#3 C:\wamp64\www\saac-api\app\Helpers\firebase_helper.php(8): Kreait\Firebase\Database\Reference->set(Array)
#4 C:\wamp64\www\saac-api\app\Controllers\Measurement.php(65): setData('', Array)
#5 C:\wamp64\www\saac-api\system\CodeIgniter.php(832): App\Controllers\Measurement->create2()
#6 C:\wamp64\www\saac-api\system\CodeIgniter.php(419): CodeIgniter\CodeIgniter->runController(Object(App\Controllers\Measurement))
#7 C:\wamp64\www\saac-api\system\CodeIgniter.php(326): CodeIgniter\CodeIgniter->handleRequest(NULL, Object(Config\Cache), false)
#8 C:\wamp64\www\saac-api\public\index.php(39): CodeIgniter\CodeIgniter->run()
#9 {main}
CRITICAL - 2022-11-02 12:53:45 --> Undefined offset: 1
#0 C:\wamp64\www\saac-api\app\Controllers\Measurement.php(49): CodeIgniter\Debug\Exceptions->errorHandler(8, 'Undefined offse...', 'C:\\wamp64\\www\\s...', 49, Array)
#1 C:\wamp64\www\saac-api\system\CodeIgniter.php(832): App\Controllers\Measurement->create2()
#2 C:\wamp64\www\saac-api\system\CodeIgniter.php(419): CodeIgniter\CodeIgniter->runController(Object(App\Controllers\Measurement))
#3 C:\wamp64\www\saac-api\system\CodeIgniter.php(326): CodeIgniter\CodeIgniter->handleRequest(NULL, Object(Config\Cache), false)
#4 C:\wamp64\www\saac-api\public\index.php(39): CodeIgniter\CodeIgniter->run()
#5 {main}
CRITICAL - 2022-11-02 12:53:49 --> Unable to connect to the API: cURL error 7: Failed to connect to sai-ecaa-default-rtdb.firebaseio.com port 443: Timed out (see https://curl.haxx.se/libcurl/c/libcurl-errors.html) for https://sai-ecaa-default-rtdb.firebaseio.com/.json
#0 C:\wamp64\www\saac-api\vendor\kreait\firebase-php\src\Firebase\Database\ApiClient.php(194): Kreait\Firebase\Exception\DatabaseApiExceptionConverter->convertException(Object(GuzzleHttp\Exception\ConnectException))
#1 C:\wamp64\www\saac-api\vendor\kreait\firebase-php\src\Firebase\Database\ApiClient.php(86): Kreait\Firebase\Database\ApiClient->requestApi('PUT', Object(GuzzleHttp\Psr7\Uri), Array)
#2 C:\wamp64\www\saac-api\vendor\kreait\firebase-php\src\Firebase\Database\Reference.php(293): Kreait\Firebase\Database\ApiClient->set(Object(GuzzleHttp\Psr7\Uri), Array)
#3 C:\wamp64\www\saac-api\app\Helpers\firebase_helper.php(8): Kreait\Firebase\Database\Reference->set(Array)
#4 C:\wamp64\www\saac-api\app\Controllers\Measurement.php(65): setData('', Array)
#5 C:\wamp64\www\saac-api\system\CodeIgniter.php(832): App\Controllers\Measurement->create2()
#6 C:\wamp64\www\saac-api\system\CodeIgniter.php(419): CodeIgniter\CodeIgniter->runController(Object(App\Controllers\Measurement))
#7 C:\wamp64\www\saac-api\system\CodeIgniter.php(326): CodeIgniter\CodeIgniter->handleRequest(NULL, Object(Config\Cache), false)
#8 C:\wamp64\www\saac-api\public\index.php(39): CodeIgniter\CodeIgniter->run()
#9 {main}
CRITICAL - 2022-11-02 12:53:51 --> Undefined offset: 1
#0 C:\wamp64\www\saac-api\app\Controllers\Measurement.php(49): CodeIgniter\Debug\Exceptions->errorHandler(8, 'Undefined offse...', 'C:\\wamp64\\www\\s...', 49, Array)
#1 C:\wamp64\www\saac-api\system\CodeIgniter.php(832): App\Controllers\Measurement->create2()
#2 C:\wamp64\www\saac-api\system\CodeIgniter.php(419): CodeIgniter\CodeIgniter->runController(Object(App\Controllers\Measurement))
#3 C:\wamp64\www\saac-api\system\CodeIgniter.php(326): CodeIgniter\CodeIgniter->handleRequest(NULL, Object(Config\Cache), false)
#4 C:\wamp64\www\saac-api\public\index.php(39): CodeIgniter\CodeIgniter->run()
#5 {main}
CRITICAL - 2022-11-02 12:53:57 --> Undefined offset: 1
#0 C:\wamp64\www\saac-api\app\Controllers\Measurement.php(49): CodeIgniter\Debug\Exceptions->errorHandler(8, 'Undefined offse...', 'C:\\wamp64\\www\\s...', 49, Array)
#1 C:\wamp64\www\saac-api\system\CodeIgniter.php(832): App\Controllers\Measurement->create2()
#2 C:\wamp64\www\saac-api\system\CodeIgniter.php(419): CodeIgniter\CodeIgniter->runController(Object(App\Controllers\Measurement))
#3 C:\wamp64\www\saac-api\system\CodeIgniter.php(326): CodeIgniter\CodeIgniter->handleRequest(NULL, Object(Config\Cache), false)
#4 C:\wamp64\www\saac-api\public\index.php(39): CodeIgniter\CodeIgniter->run()
#5 {main}
CRITICAL - 2022-11-02 12:54:02 --> Unable to connect to the API: cURL error 7: Failed to connect to sai-ecaa-default-rtdb.firebaseio.com port 443: Timed out (see https://curl.haxx.se/libcurl/c/libcurl-errors.html) for https://sai-ecaa-default-rtdb.firebaseio.com/.json
#0 C:\wamp64\www\saac-api\vendor\kreait\firebase-php\src\Firebase\Database\ApiClient.php(194): Kreait\Firebase\Exception\DatabaseApiExceptionConverter->convertException(Object(GuzzleHttp\Exception\ConnectException))
#1 C:\wamp64\www\saac-api\vendor\kreait\firebase-php\src\Firebase\Database\ApiClient.php(86): Kreait\Firebase\Database\ApiClient->requestApi('PUT', Object(GuzzleHttp\Psr7\Uri), Array)
#2 C:\wamp64\www\saac-api\vendor\kreait\firebase-php\src\Firebase\Database\Reference.php(293): Kreait\Firebase\Database\ApiClient->set(Object(GuzzleHttp\Psr7\Uri), Array)
#3 C:\wamp64\www\saac-api\app\Helpers\firebase_helper.php(8): Kreait\Firebase\Database\Reference->set(Array)
#4 C:\wamp64\www\saac-api\app\Controllers\Measurement.php(65): setData('', Array)
#5 C:\wamp64\www\saac-api\system\CodeIgniter.php(832): App\Controllers\Measurement->create2()
#6 C:\wamp64\www\saac-api\system\CodeIgniter.php(419): CodeIgniter\CodeIgniter->runController(Object(App\Controllers\Measurement))
#7 C:\wamp64\www\saac-api\system\CodeIgniter.php(326): CodeIgniter\CodeIgniter->handleRequest(NULL, Object(Config\Cache), false)
#8 C:\wamp64\www\saac-api\public\index.php(39): CodeIgniter\CodeIgniter->run()
#9 {main}
CRITICAL - 2022-11-02 13:02:57 --> Undefined offset: 1
#0 C:\wamp64\www\saac-api\app\Controllers\Measurement.php(49): CodeIgniter\Debug\Exceptions->errorHandler(8, 'Undefined offse...', 'C:\\wamp64\\www\\s...', 49, Array)
#1 C:\wamp64\www\saac-api\system\CodeIgniter.php(832): App\Controllers\Measurement->create2()
#2 C:\wamp64\www\saac-api\system\CodeIgniter.php(419): CodeIgniter\CodeIgniter->runController(Object(App\Controllers\Measurement))
#3 C:\wamp64\www\saac-api\system\CodeIgniter.php(326): CodeIgniter\CodeIgniter->handleRequest(NULL, Object(Config\Cache), false)
#4 C:\wamp64\www\saac-api\public\index.php(39): CodeIgniter\CodeIgniter->run()
#5 {main}
CRITICAL - 2022-11-02 13:03:03 --> Undefined offset: 1
#0 C:\wamp64\www\saac-api\app\Controllers\Measurement.php(49): CodeIgniter\Debug\Exceptions->errorHandler(8, 'Undefined offse...', 'C:\\wamp64\\www\\s...', 49, Array)
#1 C:\wamp64\www\saac-api\system\CodeIgniter.php(832): App\Controllers\Measurement->create2()
#2 C:\wamp64\www\saac-api\system\CodeIgniter.php(419): CodeIgniter\CodeIgniter->runController(Object(App\Controllers\Measurement))
#3 C:\wamp64\www\saac-api\system\CodeIgniter.php(326): CodeIgniter\CodeIgniter->handleRequest(NULL, Object(Config\Cache), false)
#4 C:\wamp64\www\saac-api\public\index.php(39): CodeIgniter\CodeIgniter->run()
#5 {main}
CRITICAL - 2022-11-02 13:09:13 --> Undefined offset: 1
#0 C:\wamp64\www\saac-api\app\Controllers\Measurement.php(49): CodeIgniter\Debug\Exceptions->errorHandler(8, 'Undefined offse...', 'C:\\wamp64\\www\\s...', 49, Array)
#1 C:\wamp64\www\saac-api\system\CodeIgniter.php(832): App\Controllers\Measurement->create2()
#2 C:\wamp64\www\saac-api\system\CodeIgniter.php(419): CodeIgniter\CodeIgniter->runController(Object(App\Controllers\Measurement))
#3 C:\wamp64\www\saac-api\system\CodeIgniter.php(326): CodeIgniter\CodeIgniter->handleRequest(NULL, Object(Config\Cache), false)
#4 C:\wamp64\www\saac-api\public\index.php(39): CodeIgniter\CodeIgniter->run()
#5 {main}
CRITICAL - 2022-11-02 13:09:19 --> Undefined offset: 1
#0 C:\wamp64\www\saac-api\app\Controllers\Measurement.php(49): CodeIgniter\Debug\Exceptions->errorHandler(8, 'Undefined offse...', 'C:\\wamp64\\www\\s...', 49, Array)
#1 C:\wamp64\www\saac-api\system\CodeIgniter.php(832): App\Controllers\Measurement->create2()
#2 C:\wamp64\www\saac-api\system\CodeIgniter.php(419): CodeIgniter\CodeIgniter->runController(Object(App\Controllers\Measurement))
#3 C:\wamp64\www\saac-api\system\CodeIgniter.php(326): CodeIgniter\CodeIgniter->handleRequest(NULL, Object(Config\Cache), false)
#4 C:\wamp64\www\saac-api\public\index.php(39): CodeIgniter\CodeIgniter->run()
#5 {main}
CRITICAL - 2022-11-02 13:09:25 --> Undefined offset: 1
#0 C:\wamp64\www\saac-api\app\Controllers\Measurement.php(49): CodeIgniter\Debug\Exceptions->errorHandler(8, 'Undefined offse...', 'C:\\wamp64\\www\\s...', 49, Array)
#1 C:\wamp64\www\saac-api\system\CodeIgniter.php(832): App\Controllers\Measurement->create2()
#2 C:\wamp64\www\saac-api\system\CodeIgniter.php(419): CodeIgniter\CodeIgniter->runController(Object(App\Controllers\Measurement))
#3 C:\wamp64\www\saac-api\system\CodeIgniter.php(326): CodeIgniter\CodeIgniter->handleRequest(NULL, Object(Config\Cache), false)
#4 C:\wamp64\www\saac-api\public\index.php(39): CodeIgniter\CodeIgniter->run()
#5 {main}
CRITICAL - 2022-11-02 13:09:31 --> Undefined offset: 2
#0 C:\wamp64\www\saac-api\app\Controllers\Measurement.php(50): CodeIgniter\Debug\Exceptions->errorHandler(8, 'Undefined offse...', 'C:\\wamp64\\www\\s...', 50, Array)
#1 C:\wamp64\www\saac-api\system\CodeIgniter.php(832): App\Controllers\Measurement->create2()
#2 C:\wamp64\www\saac-api\system\CodeIgniter.php(419): CodeIgniter\CodeIgniter->runController(Object(App\Controllers\Measurement))
#3 C:\wamp64\www\saac-api\system\CodeIgniter.php(326): CodeIgniter\CodeIgniter->handleRequest(NULL, Object(Config\Cache), false)
#4 C:\wamp64\www\saac-api\public\index.php(39): CodeIgniter\CodeIgniter->run()
#5 {main}
CRITICAL - 2022-11-02 13:09:38 --> Undefined offset: 1
#0 C:\wamp64\www\saac-api\app\Controllers\Measurement.php(49): CodeIgniter\Debug\Exceptions->errorHandler(8, 'Undefined offse...', 'C:\\wamp64\\www\\s...', 49, Array)
#1 C:\wamp64\www\saac-api\system\CodeIgniter.php(832): App\Controllers\Measurement->create2()
#2 C:\wamp64\www\saac-api\system\CodeIgniter.php(419): CodeIgniter\CodeIgniter->runController(Object(App\Controllers\Measurement))
#3 C:\wamp64\www\saac-api\system\CodeIgniter.php(326): CodeIgniter\CodeIgniter->handleRequest(NULL, Object(Config\Cache), false)
#4 C:\wamp64\www\saac-api\public\index.php(39): CodeIgniter\CodeIgniter->run()
#5 {main}
CRITICAL - 2022-11-02 13:09:44 --> Undefined offset: 2
#0 C:\wamp64\www\saac-api\app\Controllers\Measurement.php(50): CodeIgniter\Debug\Exceptions->errorHandler(8, 'Undefined offse...', 'C:\\wamp64\\www\\s...', 50, Array)
#1 C:\wamp64\www\saac-api\system\CodeIgniter.php(832): App\Controllers\Measurement->create2()
#2 C:\wamp64\www\saac-api\system\CodeIgniter.php(419): CodeIgniter\CodeIgniter->runController(Object(App\Controllers\Measurement))
#3 C:\wamp64\www\saac-api\system\CodeIgniter.php(326): CodeIgniter\CodeIgniter->handleRequest(NULL, Object(Config\Cache), false)
#4 C:\wamp64\www\saac-api\public\index.php(39): CodeIgniter\CodeIgniter->run()
#5 {main}
CRITICAL - 2022-11-02 13:14:27 --> Undefined offset: 1
#0 C:\wamp64\www\saac-api\app\Controllers\Measurement.php(49): CodeIgniter\Debug\Exceptions->errorHandler(8, 'Undefined offse...', 'C:\\wamp64\\www\\s...', 49, Array)
#1 C:\wamp64\www\saac-api\system\CodeIgniter.php(832): App\Controllers\Measurement->create2()
#2 C:\wamp64\www\saac-api\system\CodeIgniter.php(419): CodeIgniter\CodeIgniter->runController(Object(App\Controllers\Measurement))
#3 C:\wamp64\www\saac-api\system\CodeIgniter.php(326): CodeIgniter\CodeIgniter->handleRequest(NULL, Object(Config\Cache), false)
#4 C:\wamp64\www\saac-api\public\index.php(39): CodeIgniter\CodeIgniter->run()
#5 {main}
CRITICAL - 2022-11-02 13:24:49 --> Undefined offset: 1
#0 C:\wamp64\www\saac-api\app\Controllers\Measurement.php(49): CodeIgniter\Debug\Exceptions->errorHandler(8, 'Undefined offse...', 'C:\\wamp64\\www\\s...', 49, Array)
#1 C:\wamp64\www\saac-api\system\CodeIgniter.php(832): App\Controllers\Measurement->create2()
#2 C:\wamp64\www\saac-api\system\CodeIgniter.php(419): CodeIgniter\CodeIgniter->runController(Object(App\Controllers\Measurement))
#3 C:\wamp64\www\saac-api\system\CodeIgniter.php(326): CodeIgniter\CodeIgniter->handleRequest(NULL, Object(Config\Cache), false)
#4 C:\wamp64\www\saac-api\public\index.php(39): CodeIgniter\CodeIgniter->run()
#5 {main}
CRITICAL - 2022-11-02 13:29:40 --> Undefined offset: 2
#0 C:\wamp64\www\saac-api\app\Controllers\Measurement.php(50): CodeIgniter\Debug\Exceptions->errorHandler(8, 'Undefined offse...', 'C:\\wamp64\\www\\s...', 50, Array)
#1 C:\wamp64\www\saac-api\system\CodeIgniter.php(832): App\Controllers\Measurement->create2()
#2 C:\wamp64\www\saac-api\system\CodeIgniter.php(419): CodeIgniter\CodeIgniter->runController(Object(App\Controllers\Measurement))
#3 C:\wamp64\www\saac-api\system\CodeIgniter.php(326): CodeIgniter\CodeIgniter->handleRequest(NULL, Object(Config\Cache), false)
#4 C:\wamp64\www\saac-api\public\index.php(39): CodeIgniter\CodeIgniter->run()
#5 {main}
CRITICAL - 2022-11-02 13:39:39 --> Undefined offset: 1
#0 C:\wamp64\www\saac-api\app\Controllers\Measurement.php(49): CodeIgniter\Debug\Exceptions->errorHandler(8, 'Undefined offse...', 'C:\\wamp64\\www\\s...', 49, Array)
#1 C:\wamp64\www\saac-api\system\CodeIgniter.php(832): App\Controllers\Measurement->create2()
#2 C:\wamp64\www\saac-api\system\CodeIgniter.php(419): CodeIgniter\CodeIgniter->runController(Object(App\Controllers\Measurement))
#3 C:\wamp64\www\saac-api\system\CodeIgniter.php(326): CodeIgniter\CodeIgniter->handleRequest(NULL, Object(Config\Cache), false)
#4 C:\wamp64\www\saac-api\public\index.php(39): CodeIgniter\CodeIgniter->run()
#5 {main}
CRITICAL - 2022-11-02 13:39:46 --> Undefined offset: 1
#0 C:\wamp64\www\saac-api\app\Controllers\Measurement.php(49): CodeIgniter\Debug\Exceptions->errorHandler(8, 'Undefined offse...', 'C:\\wamp64\\www\\s...', 49, Array)
#1 C:\wamp64\www\saac-api\system\CodeIgniter.php(832): App\Controllers\Measurement->create2()
#2 C:\wamp64\www\saac-api\system\CodeIgniter.php(419): CodeIgniter\CodeIgniter->runController(Object(App\Controllers\Measurement))
#3 C:\wamp64\www\saac-api\system\CodeIgniter.php(326): CodeIgniter\CodeIgniter->handleRequest(NULL, Object(Config\Cache), false)
#4 C:\wamp64\www\saac-api\public\index.php(39): CodeIgniter\CodeIgniter->run()
#5 {main}
CRITICAL - 2022-11-02 13:41:41 --> Undefined offset: 1
#0 C:\wamp64\www\saac-api\app\Controllers\Measurement.php(49): CodeIgniter\Debug\Exceptions->errorHandler(8, 'Undefined offse...', 'C:\\wamp64\\www\\s...', 49, Array)
#1 C:\wamp64\www\saac-api\system\CodeIgniter.php(832): App\Controllers\Measurement->create2()
#2 C:\wamp64\www\saac-api\system\CodeIgniter.php(419): CodeIgniter\CodeIgniter->runController(Object(App\Controllers\Measurement))
#3 C:\wamp64\www\saac-api\system\CodeIgniter.php(326): CodeIgniter\CodeIgniter->handleRequest(NULL, Object(Config\Cache), false)
#4 C:\wamp64\www\saac-api\public\index.php(39): CodeIgniter\CodeIgniter->run()
#5 {main}
CRITICAL - 2022-11-02 13:41:47 --> Undefined offset: 1
#0 C:\wamp64\www\saac-api\app\Controllers\Measurement.php(49): CodeIgniter\Debug\Exceptions->errorHandler(8, 'Undefined offse...', 'C:\\wamp64\\www\\s...', 49, Array)
#1 C:\wamp64\www\saac-api\system\CodeIgniter.php(832): App\Controllers\Measurement->create2()
#2 C:\wamp64\www\saac-api\system\CodeIgniter.php(419): CodeIgniter\CodeIgniter->runController(Object(App\Controllers\Measurement))
#3 C:\wamp64\www\saac-api\system\CodeIgniter.php(326): CodeIgniter\CodeIgniter->handleRequest(NULL, Object(Config\Cache), false)
#4 C:\wamp64\www\saac-api\public\index.php(39): CodeIgniter\CodeIgniter->run()
#5 {main}
CRITICAL - 2022-11-02 13:49:40 --> Undefined offset: 1
#0 C:\wamp64\www\saac-api\app\Controllers\Measurement.php(49): CodeIgniter\Debug\Exceptions->errorHandler(8, 'Undefined offse...', 'C:\\wamp64\\www\\s...', 49, Array)
#1 C:\wamp64\www\saac-api\system\CodeIgniter.php(832): App\Controllers\Measurement->create2()
#2 C:\wamp64\www\saac-api\system\CodeIgniter.php(419): CodeIgniter\CodeIgniter->runController(Object(App\Controllers\Measurement))
#3 C:\wamp64\www\saac-api\system\CodeIgniter.php(326): CodeIgniter\CodeIgniter->handleRequest(NULL, Object(Config\Cache), false)
#4 C:\wamp64\www\saac-api\public\index.php(39): CodeIgniter\CodeIgniter->run()
#5 {main}
CRITICAL - 2022-11-02 13:50:10 --> Undefined offset: 1
#0 C:\wamp64\www\saac-api\app\Controllers\Measurement.php(49): CodeIgniter\Debug\Exceptions->errorHandler(8, 'Undefined offse...', 'C:\\wamp64\\www\\s...', 49, Array)
#1 C:\wamp64\www\saac-api\system\CodeIgniter.php(832): App\Controllers\Measurement->create2()
#2 C:\wamp64\www\saac-api\system\CodeIgniter.php(419): CodeIgniter\CodeIgniter->runController(Object(App\Controllers\Measurement))
#3 C:\wamp64\www\saac-api\system\CodeIgniter.php(326): CodeIgniter\CodeIgniter->handleRequest(NULL, Object(Config\Cache), false)
#4 C:\wamp64\www\saac-api\public\index.php(39): CodeIgniter\CodeIgniter->run()
#5 {main}
CRITICAL - 2022-11-02 13:59:41 --> Undefined offset: 1
#0 C:\wamp64\www\saac-api\app\Controllers\Measurement.php(49): CodeIgniter\Debug\Exceptions->errorHandler(8, 'Undefined offse...', 'C:\\wamp64\\www\\s...', 49, Array)
#1 C:\wamp64\www\saac-api\system\CodeIgniter.php(832): App\Controllers\Measurement->create2()
#2 C:\wamp64\www\saac-api\system\CodeIgniter.php(419): CodeIgniter\CodeIgniter->runController(Object(App\Controllers\Measurement))
#3 C:\wamp64\www\saac-api\system\CodeIgniter.php(326): CodeIgniter\CodeIgniter->handleRequest(NULL, Object(Config\Cache), false)
#4 C:\wamp64\www\saac-api\public\index.php(39): CodeIgniter\CodeIgniter->run()
#5 {main}
CRITICAL - 2022-11-02 13:59:48 --> Undefined offset: 1
#0 C:\wamp64\www\saac-api\app\Controllers\Measurement.php(49): CodeIgniter\Debug\Exceptions->errorHandler(8, 'Undefined offse...', 'C:\\wamp64\\www\\s...', 49, Array)
#1 C:\wamp64\www\saac-api\system\CodeIgniter.php(832): App\Controllers\Measurement->create2()
#2 C:\wamp64\www\saac-api\system\CodeIgniter.php(419): CodeIgniter\CodeIgniter->runController(Object(App\Controllers\Measurement))
#3 C:\wamp64\www\saac-api\system\CodeIgniter.php(326): CodeIgniter\CodeIgniter->handleRequest(NULL, Object(Config\Cache), false)
#4 C:\wamp64\www\saac-api\public\index.php(39): CodeIgniter\CodeIgniter->run()
#5 {main}
CRITICAL - 2022-11-02 14:04:28 --> Undefined offset: 2
#0 C:\wamp64\www\saac-api\app\Controllers\Measurement.php(50): CodeIgniter\Debug\Exceptions->errorHandler(8, 'Undefined offse...', 'C:\\wamp64\\www\\s...', 50, Array)
#1 C:\wamp64\www\saac-api\system\CodeIgniter.php(832): App\Controllers\Measurement->create2()
#2 C:\wamp64\www\saac-api\system\CodeIgniter.php(419): CodeIgniter\CodeIgniter->runController(Object(App\Controllers\Measurement))
#3 C:\wamp64\www\saac-api\system\CodeIgniter.php(326): CodeIgniter\CodeIgniter->handleRequest(NULL, Object(Config\Cache), false)
#4 C:\wamp64\www\saac-api\public\index.php(39): CodeIgniter\CodeIgniter->run()
#5 {main}
CRITICAL - 2022-11-02 14:06:03 --> Undefined offset: 2
#0 C:\wamp64\www\saac-api\app\Controllers\Measurement.php(50): CodeIgniter\Debug\Exceptions->errorHandler(8, 'Undefined offse...', 'C:\\wamp64\\www\\s...', 50, Array)
#1 C:\wamp64\www\saac-api\system\CodeIgniter.php(832): App\Controllers\Measurement->create2()
#2 C:\wamp64\www\saac-api\system\CodeIgniter.php(419): CodeIgniter\CodeIgniter->runController(Object(App\Controllers\Measurement))
#3 C:\wamp64\www\saac-api\system\CodeIgniter.php(326): CodeIgniter\CodeIgniter->handleRequest(NULL, Object(Config\Cache), false)
#4 C:\wamp64\www\saac-api\public\index.php(39): CodeIgniter\CodeIgniter->run()
#5 {main}
CRITICAL - 2022-11-02 14:45:14 --> Undefined offset: 1
#0 C:\wamp64\www\saac-api\app\Controllers\Measurement.php(49): CodeIgniter\Debug\Exceptions->errorHandler(8, 'Undefined offse...', 'C:\\wamp64\\www\\s...', 49, Array)
#1 C:\wamp64\www\saac-api\system\CodeIgniter.php(832): App\Controllers\Measurement->create2()
#2 C:\wamp64\www\saac-api\system\CodeIgniter.php(419): CodeIgniter\CodeIgniter->runController(Object(App\Controllers\Measurement))
#3 C:\wamp64\www\saac-api\system\CodeIgniter.php(326): CodeIgniter\CodeIgniter->handleRequest(NULL, Object(Config\Cache), false)
#4 C:\wamp64\www\saac-api\public\index.php(39): CodeIgniter\CodeIgniter->run()
#5 {main}
CRITICAL - 2022-11-02 14:45:22 --> Unable to connect to the API: cURL error 7: Failed to connect to sai-ecaa-default-rtdb.firebaseio.com port 443: Timed out (see https://curl.haxx.se/libcurl/c/libcurl-errors.html) for https://sai-ecaa-default-rtdb.firebaseio.com/.json
#0 C:\wamp64\www\saac-api\vendor\kreait\firebase-php\src\Firebase\Database\ApiClient.php(194): Kreait\Firebase\Exception\DatabaseApiExceptionConverter->convertException(Object(GuzzleHttp\Exception\ConnectException))
#1 C:\wamp64\www\saac-api\vendor\kreait\firebase-php\src\Firebase\Database\ApiClient.php(86): Kreait\Firebase\Database\ApiClient->requestApi('PUT', Object(GuzzleHttp\Psr7\Uri), Array)
#2 C:\wamp64\www\saac-api\vendor\kreait\firebase-php\src\Firebase\Database\Reference.php(293): Kreait\Firebase\Database\ApiClient->set(Object(GuzzleHttp\Psr7\Uri), Array)
#3 C:\wamp64\www\saac-api\app\Helpers\firebase_helper.php(8): Kreait\Firebase\Database\Reference->set(Array)
#4 C:\wamp64\www\saac-api\app\Controllers\Measurement.php(65): setData('', Array)
#5 C:\wamp64\www\saac-api\system\CodeIgniter.php(832): App\Controllers\Measurement->create2()
#6 C:\wamp64\www\saac-api\system\CodeIgniter.php(419): CodeIgniter\CodeIgniter->runController(Object(App\Controllers\Measurement))
#7 C:\wamp64\www\saac-api\system\CodeIgniter.php(326): CodeIgniter\CodeIgniter->handleRequest(NULL, Object(Config\Cache), false)
#8 C:\wamp64\www\saac-api\public\index.php(39): CodeIgniter\CodeIgniter->run()
#9 {main}
CRITICAL - 2022-11-02 14:45:36 --> Undefined offset: 2
#0 C:\wamp64\www\saac-api\app\Controllers\Measurement.php(50): CodeIgniter\Debug\Exceptions->errorHandler(8, 'Undefined offse...', 'C:\\wamp64\\www\\s...', 50, Array)
#1 C:\wamp64\www\saac-api\system\CodeIgniter.php(832): App\Controllers\Measurement->create2()
#2 C:\wamp64\www\saac-api\system\CodeIgniter.php(419): CodeIgniter\CodeIgniter->runController(Object(App\Controllers\Measurement))
#3 C:\wamp64\www\saac-api\system\CodeIgniter.php(326): CodeIgniter\CodeIgniter->handleRequest(NULL, Object(Config\Cache), false)
#4 C:\wamp64\www\saac-api\public\index.php(39): CodeIgniter\CodeIgniter->run()
#5 {main}
CRITICAL - 2022-11-02 14:53:16 --> Undefined offset: 2
#0 C:\wamp64\www\saac-api\app\Controllers\Measurement.php(50): CodeIgniter\Debug\Exceptions->errorHandler(8, 'Undefined offse...', 'C:\\wamp64\\www\\s...', 50, Array)
#1 C:\wamp64\www\saac-api\system\CodeIgniter.php(832): App\Controllers\Measurement->create2()
#2 C:\wamp64\www\saac-api\system\CodeIgniter.php(419): CodeIgniter\CodeIgniter->runController(Object(App\Controllers\Measurement))
#3 C:\wamp64\www\saac-api\system\CodeIgniter.php(326): CodeIgniter\CodeIgniter->handleRequest(NULL, Object(Config\Cache), false)
#4 C:\wamp64\www\saac-api\public\index.php(39): CodeIgniter\CodeIgniter->run()
#5 {main}
CRITICAL - 2022-11-02 15:01:52 --> Undefined offset: 2
#0 C:\wamp64\www\saac-api\app\Controllers\Measurement.php(50): CodeIgniter\Debug\Exceptions->errorHandler(8, 'Undefined offse...', 'C:\\wamp64\\www\\s...', 50, Array)
#1 C:\wamp64\www\saac-api\system\CodeIgniter.php(832): App\Controllers\Measurement->create2()
#2 C:\wamp64\www\saac-api\system\CodeIgniter.php(419): CodeIgniter\CodeIgniter->runController(Object(App\Controllers\Measurement))
#3 C:\wamp64\www\saac-api\system\CodeIgniter.php(326): CodeIgniter\CodeIgniter->handleRequest(NULL, Object(Config\Cache), false)
#4 C:\wamp64\www\saac-api\public\index.php(39): CodeIgniter\CodeIgniter->run()
#5 {main}
CRITICAL - 2022-11-02 15:05:15 --> Undefined offset: 1
#0 C:\wamp64\www\saac-api\app\Controllers\Measurement.php(49): CodeIgniter\Debug\Exceptions->errorHandler(8, 'Undefined offse...', 'C:\\wamp64\\www\\s...', 49, Array)
#1 C:\wamp64\www\saac-api\system\CodeIgniter.php(832): App\Controllers\Measurement->create2()
#2 C:\wamp64\www\saac-api\system\CodeIgniter.php(419): CodeIgniter\CodeIgniter->runController(Object(App\Controllers\Measurement))
#3 C:\wamp64\www\saac-api\system\CodeIgniter.php(326): CodeIgniter\CodeIgniter->handleRequest(NULL, Object(Config\Cache), false)
#4 C:\wamp64\www\saac-api\public\index.php(39): CodeIgniter\CodeIgniter->run()
#5 {main}
CRITICAL - 2022-11-02 15:05:48 --> Undefined offset: 1
#0 C:\wamp64\www\saac-api\app\Controllers\Measurement.php(49): CodeIgniter\Debug\Exceptions->errorHandler(8, 'Undefined offse...', 'C:\\wamp64\\www\\s...', 49, Array)
#1 C:\wamp64\www\saac-api\system\CodeIgniter.php(832): App\Controllers\Measurement->create2()
#2 C:\wamp64\www\saac-api\system\CodeIgniter.php(419): CodeIgniter\CodeIgniter->runController(Object(App\Controllers\Measurement))
#3 C:\wamp64\www\saac-api\system\CodeIgniter.php(326): CodeIgniter\CodeIgniter->handleRequest(NULL, Object(Config\Cache), false)
#4 C:\wamp64\www\saac-api\public\index.php(39): CodeIgniter\CodeIgniter->run()
#5 {main}
CRITICAL - 2022-11-02 15:05:54 --> Undefined offset: 1
#0 C:\wamp64\www\saac-api\app\Controllers\Measurement.php(49): CodeIgniter\Debug\Exceptions->errorHandler(8, 'Undefined offse...', 'C:\\wamp64\\www\\s...', 49, Array)
#1 C:\wamp64\www\saac-api\system\CodeIgniter.php(832): App\Controllers\Measurement->create2()
#2 C:\wamp64\www\saac-api\system\CodeIgniter.php(419): CodeIgniter\CodeIgniter->runController(Object(App\Controllers\Measurement))
#3 C:\wamp64\www\saac-api\system\CodeIgniter.php(326): CodeIgniter\CodeIgniter->handleRequest(NULL, Object(Config\Cache), false)
#4 C:\wamp64\www\saac-api\public\index.php(39): CodeIgniter\CodeIgniter->run()
#5 {main}
CRITICAL - 2022-11-02 15:05:59 --> Undefined offset: 1
#0 C:\wamp64\www\saac-api\app\Controllers\Measurement.php(49): CodeIgniter\Debug\Exceptions->errorHandler(8, 'Undefined offse...', 'C:\\wamp64\\www\\s...', 49, Array)
#1 C:\wamp64\www\saac-api\system\CodeIgniter.php(832): App\Controllers\Measurement->create2()
#2 C:\wamp64\www\saac-api\system\CodeIgniter.php(419): CodeIgniter\CodeIgniter->runController(Object(App\Controllers\Measurement))
#3 C:\wamp64\www\saac-api\system\CodeIgniter.php(326): CodeIgniter\CodeIgniter->handleRequest(NULL, Object(Config\Cache), false)
#4 C:\wamp64\www\saac-api\public\index.php(39): CodeIgniter\CodeIgniter->run()
#5 {main}
CRITICAL - 2022-11-02 15:06:05 --> Undefined offset: 1
#0 C:\wamp64\www\saac-api\app\Controllers\Measurement.php(49): CodeIgniter\Debug\Exceptions->errorHandler(8, 'Undefined offse...', 'C:\\wamp64\\www\\s...', 49, Array)
#1 C:\wamp64\www\saac-api\system\CodeIgniter.php(832): App\Controllers\Measurement->create2()
#2 C:\wamp64\www\saac-api\system\CodeIgniter.php(419): CodeIgniter\CodeIgniter->runController(Object(App\Controllers\Measurement))
#3 C:\wamp64\www\saac-api\system\CodeIgniter.php(326): CodeIgniter\CodeIgniter->handleRequest(NULL, Object(Config\Cache), false)
#4 C:\wamp64\www\saac-api\public\index.php(39): CodeIgniter\CodeIgniter->run()
#5 {main}
CRITICAL - 2022-11-02 15:53:03 --> Unable to connect to the API: cURL error 7: Failed to connect to sai-ecaa-default-rtdb.firebaseio.com port 443: Timed out (see https://curl.haxx.se/libcurl/c/libcurl-errors.html) for https://sai-ecaa-default-rtdb.firebaseio.com/.json
#0 C:\wamp64\www\saac-api\vendor\kreait\firebase-php\src\Firebase\Database\ApiClient.php(194): Kreait\Firebase\Exception\DatabaseApiExceptionConverter->convertException(Object(GuzzleHttp\Exception\ConnectException))
#1 C:\wamp64\www\saac-api\vendor\kreait\firebase-php\src\Firebase\Database\ApiClient.php(86): Kreait\Firebase\Database\ApiClient->requestApi('PUT', Object(GuzzleHttp\Psr7\Uri), Array)
#2 C:\wamp64\www\saac-api\vendor\kreait\firebase-php\src\Firebase\Database\Reference.php(293): Kreait\Firebase\Database\ApiClient->set(Object(GuzzleHttp\Psr7\Uri), Array)
#3 C:\wamp64\www\saac-api\app\Helpers\firebase_helper.php(8): Kreait\Firebase\Database\Reference->set(Array)
#4 C:\wamp64\www\saac-api\app\Controllers\Measurement.php(65): setData('', Array)
#5 C:\wamp64\www\saac-api\system\CodeIgniter.php(832): App\Controllers\Measurement->create2()
#6 C:\wamp64\www\saac-api\system\CodeIgniter.php(419): CodeIgniter\CodeIgniter->runController(Object(App\Controllers\Measurement))
#7 C:\wamp64\www\saac-api\system\CodeIgniter.php(326): CodeIgniter\CodeIgniter->handleRequest(NULL, Object(Config\Cache), false)
#8 C:\wamp64\www\saac-api\public\index.php(39): CodeIgniter\CodeIgniter->run()
#9 {main}
CRITICAL - 2022-11-02 15:54:42 --> Undefined offset: 2
#0 C:\wamp64\www\saac-api\app\Controllers\Measurement.php(50): CodeIgniter\Debug\Exceptions->errorHandler(8, 'Undefined offse...', 'C:\\wamp64\\www\\s...', 50, Array)
#1 C:\wamp64\www\saac-api\system\CodeIgniter.php(832): App\Controllers\Measurement->create2()
#2 C:\wamp64\www\saac-api\system\CodeIgniter.php(419): CodeIgniter\CodeIgniter->runController(Object(App\Controllers\Measurement))
#3 C:\wamp64\www\saac-api\system\CodeIgniter.php(326): CodeIgniter\CodeIgniter->handleRequest(NULL, Object(Config\Cache), false)
#4 C:\wamp64\www\saac-api\public\index.php(39): CodeIgniter\CodeIgniter->run()
#5 {main}
CRITICAL - 2022-11-02 15:54:48 --> Undefined offset: 1
#0 C:\wamp64\www\saac-api\app\Controllers\Measurement.php(49): CodeIgniter\Debug\Exceptions->errorHandler(8, 'Undefined offse...', 'C:\\wamp64\\www\\s...', 49, Array)
#1 C:\wamp64\www\saac-api\system\CodeIgniter.php(832): App\Controllers\Measurement->create2()
#2 C:\wamp64\www\saac-api\system\CodeIgniter.php(419): CodeIgniter\CodeIgniter->runController(Object(App\Controllers\Measurement))
#3 C:\wamp64\www\saac-api\system\CodeIgniter.php(326): CodeIgniter\CodeIgniter->handleRequest(NULL, Object(Config\Cache), false)
#4 C:\wamp64\www\saac-api\public\index.php(39): CodeIgniter\CodeIgniter->run()
#5 {main}
